nohup: ignoring input
WARNING[XFORMERS]: xFormers can't load C++/CUDA extensions. xFormers was built for:
    PyTorch 2.10.0+cu128 with CUDA 1208 (you have 2.11.0+cpu)
    Python  3.10.19 (you have 3.12.3)
  Please reinstall xformers (see https://github.com/facebookresearch/xformers#installing-xformers)
  Memory-efficient attention, SwiGLU, sparse and more won't be available.
  Set XFORMERS_MORE_DETAILS=1 for more details
/home/team/shared/beatforge-ai/ai-service/venv/lib/python3.12/site-packages/jieba/_compat.py:18: UserWarning: pkg_resources is deprecated as an API. See https://setuptools.pypa.io/en/latest/pkg_resources.html. The pkg_resources package is slated for removal as early as 2025-11-30. Refrain from using this package or pin to Setuptools<81.
  import pkg_resources
WARNING: rvc_python not available. Voice cloning will be disabled.
Traceback (most recent call last):
  File "/home/team/shared/beatforge-ai/ai-service/venv/lib/python3.12/site-packages/diffusers/utils/import_utils.py", line 1015, in _get_module
    return importlib.import_module("." + module_name, self.__name__)
           ^^^^^^^^^^^^^^^^^^^^^^^^^^^^^^^^^^^^^^^^^^^^^^^^^^^^^^^^^
  File "/usr/lib/python3.12/importlib/__init__.py", line 90, in import_module
    return _bootstrap._gcd_import(name[level:], package, level)
           ^^^^^^^^^^^^^^^^^^^^^^^^^^^^^^^^^^^^^^^^^^^^^^^^^^^^
  File "<frozen importlib._bootstrap>", line 1387, in _gcd_import
  File "<frozen importlib._bootstrap>", line 1360, in _find_and_load
  File "<frozen importlib._bootstrap>", line 1310, in _find_and_load_unlocked
  File "<frozen importlib._bootstrap>", line 488, in _call_with_frames_removed
  File "<frozen importlib._bootstrap>", line 1387, in _gcd_import
  File "<frozen importlib._bootstrap>", line 1360, in _find_and_load
  File "<frozen importlib._bootstrap>", line 1331, in _find_and_load_unlocked
  File "<frozen importlib._bootstrap>", line 935, in _load_unlocked
  File "<frozen importlib._bootstrap_external>", line 995, in exec_module
  File "<frozen importlib._bootstrap>", line 488, in _call_with_frames_removed
  File "/home/team/shared/beatforge-ai/ai-service/venv/lib/python3.12/site-packages/diffusers/models/autoencoders/__init__.py", line 24, in <module>
    from .autoencoder_rae import AutoencoderRAE
  File "/home/team/shared/beatforge-ai/ai-service/venv/lib/python3.12/site-packages/diffusers/models/autoencoders/autoencoder_rae.py", line 31, in <module>
    from transformers import (
ImportError: cannot import name 'Dinov2WithRegistersConfig' from 'transformers' (/home/team/shared/beatforge-ai/ai-service/venv/lib/python3.12/site-packages/transformers/__init__.py)

The above exception was the direct cause of the following exception:

Traceback (most recent call last):
  File "/home/team/shared/beatforge-ai/ai-service/venv/lib/python3.12/site-packages/diffusers/utils/import_utils.py", line 1015, in _get_module
    return importlib.import_module("." + module_name, self.__name__)
           ^^^^^^^^^^^^^^^^^^^^^^^^^^^^^^^^^^^^^^^^^^^^^^^^^^^^^^^^^
  File "/usr/lib/python3.12/importlib/__init__.py", line 90, in import_module
    return _bootstrap._gcd_import(name[level:], package, level)
           ^^^^^^^^^^^^^^^^^^^^^^^^^^^^^^^^^^^^^^^^^^^^^^^^^^^^
  File "<frozen importlib._bootstrap>", line 1387, in _gcd_import
  File "<frozen importlib._bootstrap>", line 1360, in _find_and_load
  File "<frozen importlib._bootstrap>", line 1331, in _find_and_load_unlocked
  File "<frozen importlib._bootstrap>", line 935, in _load_unlocked
  File "<frozen importlib._bootstrap_external>", line 995, in exec_module
  File "<frozen importlib._bootstrap>", line 488, in _call_with_frames_removed
  File "/home/team/shared/beatforge-ai/ai-service/venv/lib/python3.12/site-packages/diffusers/pipelines/stable_diffusion/pipeline_stable_diffusion.py", line 25, in <module>
    from ...models import AutoencoderKL, ImageProjection, UNet2DConditionModel
  File "<frozen importlib._bootstrap>", line 1412, in _handle_fromlist
  File "/home/team/shared/beatforge-ai/ai-service/venv/lib/python3.12/site-packages/diffusers/utils/import_utils.py", line 1005, in __getattr__
    module = self._get_module(self._class_to_module[name])
             ^^^^^^^^^^^^^^^^^^^^^^^^^^^^^^^^^^^^^^^^^^^^^
  File "/home/team/shared/beatforge-ai/ai-service/venv/lib/python3.12/site-packages/diffusers/utils/import_utils.py", line 1017, in _get_module
    raise RuntimeError(
RuntimeError: Failed to import diffusers.models.autoencoders.autoencoder_kl because of the following error (look up to see its traceback):
cannot import name 'Dinov2WithRegistersConfig' from 'transformers' (/home/team/shared/beatforge-ai/ai-service/venv/lib/python3.12/site-packages/transformers/__init__.py)

The above exception was the direct cause of the following exception:

Traceback (most recent call last):
  File "/home/team/shared/beatforge-ai/ai-service/./venv/bin/uvicorn", line 6, in <module>
    sys.exit(main())
             ^^^^^^
  File "/home/team/shared/beatforge-ai/ai-service/venv/lib/python3.12/site-packages/click/core.py", line 1514, in __call__
    return self.main(*args, **kwargs)
           ^^^^^^^^^^^^^^^^^^^^^^^^^^
  File "/home/team/shared/beatforge-ai/ai-service/venv/lib/python3.12/site-packages/click/core.py", line 1435, in main
    rv = self.invoke(ctx)
         ^^^^^^^^^^^^^^^^
  File "/home/team/shared/beatforge-ai/ai-service/venv/lib/python3.12/site-packages/click/core.py", line 1298, in invoke
    return ctx.invoke(self.callback, **ctx.params)
           ^^^^^^^^^^^^^^^^^^^^^^^^^^^^^^^^^^^^^^^
  File "/home/team/shared/beatforge-ai/ai-service/venv/lib/python3.12/site-packages/click/core.py", line 853, in invoke
    return callback(*args, **kwargs)
           ^^^^^^^^^^^^^^^^^^^^^^^^^
  File "/home/team/shared/beatforge-ai/ai-service/venv/lib/python3.12/site-packages/uvicorn/main.py", line 441, in main
    run(
  File "/home/team/shared/beatforge-ai/ai-service/venv/lib/python3.12/site-packages/uvicorn/main.py", line 617, in run
    server.run()
  File "/home/team/shared/beatforge-ai/ai-service/venv/lib/python3.12/site-packages/uvicorn/server.py", line 75, in run
    return asyncio_run(self.serve(sockets=sockets), loop_factory=self.config.get_loop_factory())
           ^^^^^^^^^^^^^^^^^^^^^^^^^^^^^^^^^^^^^^^^^^^^^^^^^^^^^^^^^^^^^^^^^^^^^^^^^^^^^^^^^^^^^
  File "/usr/lib/python3.12/asyncio/runners.py", line 194, in run
    return runner.run(main)
           ^^^^^^^^^^^^^^^^
  File "/usr/lib/python3.12/asyncio/runners.py", line 118, in run
    return self._loop.run_until_complete(task)
           ^^^^^^^^^^^^^^^^^^^^^^^^^^^^^^^^^^^
  File "uvloop/loop.pyx", line 1518, in uvloop.loop.Loop.run_until_complete
  File "/home/team/shared/beatforge-ai/ai-service/venv/lib/python3.12/site-packages/uvicorn/server.py", line 79, in serve
    await self._serve(sockets)
  File "/home/team/shared/beatforge-ai/ai-service/venv/lib/python3.12/site-packages/uvicorn/server.py", line 86, in _serve
    config.load()
  File "/home/team/shared/beatforge-ai/ai-service/venv/lib/python3.12/site-packages/uvicorn/config.py", line 449, in load
    self.loaded_app = import_from_string(self.app)
                      ^^^^^^^^^^^^^^^^^^^^^^^^^^^^
  File "/home/team/shared/beatforge-ai/ai-service/venv/lib/python3.12/site-packages/uvicorn/importer.py", line 19, in import_from_string
    module = importlib.import_module(module_str)
             ^^^^^^^^^^^^^^^^^^^^^^^^^^^^^^^^^^^
  File "/usr/lib/python3.12/importlib/__init__.py", line 90, in import_module
    return _bootstrap._gcd_import(name[level:], package, level)
           ^^^^^^^^^^^^^^^^^^^^^^^^^^^^^^^^^^^^^^^^^^^^^^^^^^^^
  File "<frozen importlib._bootstrap>", line 1387, in _gcd_import
  File "<frozen importlib._bootstrap>", line 1360, in _find_and_load
  File "<frozen importlib._bootstrap>", line 1331, in _find_and_load_unlocked
  File "<frozen importlib._bootstrap>", line 935, in _load_unlocked
  File "<frozen importlib._bootstrap_external>", line 995, in exec_module
  File "<frozen importlib._bootstrap>", line 488, in _call_with_frames_removed
  File "/home/team/shared/beatforge-ai/ai-service/main.py", line 2, in <module>
    from routes import generate_music, master_audio, generate_voice, clone_voice, generate_lyrics, mixing, generate_cover
  File "/home/team/shared/beatforge-ai/ai-service/routes/generate_cover.py", line 4, in <module>
    from services.cover_service import cover_service
  File "/home/team/shared/beatforge-ai/ai-service/services/cover_service.py", line 6, in <module>
    from diffusers import StableDiffusionPipeline
  File "<frozen importlib._bootstrap>", line 1412, in _handle_fromlist
  File "/home/team/shared/beatforge-ai/ai-service/venv/lib/python3.12/site-packages/diffusers/utils/import_utils.py", line 1006, in __getattr__
    value = getattr(module, name)
            ^^^^^^^^^^^^^^^^^^^^^
  File "/home/team/shared/beatforge-ai/ai-service/venv/lib/python3.12/site-packages/diffusers/utils/import_utils.py", line 1006, in __getattr__
    value = getattr(module, name)
            ^^^^^^^^^^^^^^^^^^^^^
  File "/home/team/shared/beatforge-ai/ai-service/venv/lib/python3.12/site-packages/diffusers/utils/import_utils.py", line 1005, in __getattr__
    module = self._get_module(self._class_to_module[name])
             ^^^^^^^^^^^^^^^^^^^^^^^^^^^^^^^^^^^^^^^^^^^^^
  File "/home/team/shared/beatforge-ai/ai-service/venv/lib/python3.12/site-packages/diffusers/utils/import_utils.py", line 1017, in _get_module
    raise RuntimeError(
RuntimeError: Failed to import diffusers.pipelines.stable_diffusion.pipeline_stable_diffusion because of the following error (look up to see its traceback):
Failed to import diffusers.models.autoencoders.autoencoder_kl because of the following error (look up to see its traceback):
cannot import name 'Dinov2WithRegistersConfig' from 'transformers' (/home/team/shared/beatforge-ai/ai-service/venv/lib/python3.12/site-packages/transformers/__init__.py)
