nohup: ignoring input
Collecting torch
  Using cached torch-2.11.0-cp312-cp312-manylinux_2_28_x86_64.whl.metadata (29 kB)
Collecting torchaudio
  Using cached torchaudio-2.11.0-cp312-cp312-manylinux_2_28_x86_64.whl.metadata (6.9 kB)
Collecting pedalboard
  Using cached pedalboard-0.9.22-cp312-cp312-manylinux_2_27_x86_64.manylinux_2_28_x86_64.whl.metadata (58 kB)
Collecting pydub
  Using cached pydub-0.25.1-py2.py3-none-any.whl.metadata (1.4 kB)
Collecting librosa
  Using cached librosa-0.11.0-py3-none-any.whl.metadata (8.7 kB)
Collecting soundfile
  Using cached soundfile-0.13.1-py2.py3-none-manylinux_2_28_x86_64.whl.metadata (16 kB)
Collecting mutagen
  Using cached mutagen-1.47.0-py3-none-any.whl.metadata (1.7 kB)
Collecting python-dotenv
  Using cached python_dotenv-1.2.2-py3-none-any.whl.metadata (27 kB)
Collecting python-multipart
  Using cached python_multipart-0.0.28-py3-none-any.whl.metadata (2.1 kB)
Requirement already satisfied: requests in ./venv/lib/python3.12/site-packages (2.33.1)
Collecting filelock (from torch)
  Using cached filelock-3.29.0-py3-none-any.whl.metadata (2.0 kB)
Requirement already satisfied: typing-extensions>=4.10.0 in ./venv/lib/python3.12/site-packages (from torch) (4.15.0)
Collecting setuptools<82 (from torch)
  Using cached setuptools-81.0.0-py3-none-any.whl.metadata (6.6 kB)
Collecting sympy>=1.13.3 (from torch)
  Using cached sympy-1.14.0-py3-none-any.whl.metadata (12 kB)
Collecting networkx>=2.5.1 (from torch)
  Using cached networkx-3.6.1-py3-none-any.whl.metadata (6.8 kB)
Requirement already satisfied: jinja2 in ./venv/lib/python3.12/site-packages (from torch) (3.1.6)
Collecting fsspec>=0.8.5 (from torch)
  Using cached fsspec-2026.4.0-py3-none-any.whl.metadata (10 kB)
Collecting cuda-toolkit==13.0.2 (from cuda-toolkit[cublas,cudart,cufft,cufile,cupti,curand,cusolver,cusparse,nvjitlink,nvrtc,nvtx]==13.0.2; platform_system == "Linux"->torch)
  Using cached cuda_toolkit-13.0.2-py2.py3-none-any.whl.metadata (9.4 kB)
Collecting cuda-bindings<14,>=13.0.3 (from torch)
  Using cached cuda_bindings-13.2.0-cp312-cp312-manylinux_2_24_x86_64.manylinux_2_28_x86_64.whl.metadata (2.3 kB)
Collecting nvidia-cudnn-cu13==9.19.0.56 (from torch)
  Using cached nvidia_cudnn_cu13-9.19.0.56-py3-none-manylinux_2_27_x86_64.whl.metadata (1.9 kB)
Collecting nvidia-cusparselt-cu13==0.8.0 (from torch)
  Using cached nvidia_cusparselt_cu13-0.8.0-py3-none-manylinux2014_x86_64.whl.metadata (12 kB)
Collecting nvidia-nccl-cu13==2.28.9 (from torch)
  Using cached nvidia_nccl_cu13-2.28.9-py3-none-manylinux_2_18_x86_64.whl.metadata (2.0 kB)
Collecting nvidia-nvshmem-cu13==3.4.5 (from torch)
  Using cached nvidia_nvshmem_cu13-3.4.5-py3-none-manylinux2014_x86_64.manylinux_2_17_x86_64.whl.metadata (2.1 kB)
Collecting triton==3.6.0 (from torch)
  Using cached triton-3.6.0-cp312-cp312-manylinux_2_27_x86_64.manylinux_2_28_x86_64.whl.metadata (1.7 kB)
Collecting nvidia-cublas==13.1.0.3.* (from cuda-toolkit[cublas,cudart,cufft,cufile,cupti,curand,cusolver,cusparse,nvjitlink,nvrtc,nvtx]==13.0.2; platform_system == "Linux"->torch)
  Using cached nvidia_cublas-13.1.0.3-py3-none-manylinux_2_27_x86_64.whl.metadata (1.7 kB)
Collecting nvidia-cuda-runtime==13.0.96.* (from cuda-toolkit[cublas,cudart,cufft,cufile,cupti,curand,cusolver,cusparse,nvjitlink,nvrtc,nvtx]==13.0.2; platform_system == "Linux"->torch)
  Using cached nvidia_cuda_runtime-13.0.96-py3-none-manylinux2014_x86_64.manylinux_2_17_x86_64.whl.metadata (1.7 kB)
Collecting nvidia-cufft==12.0.0.61.* (from cuda-toolkit[cublas,cudart,cufft,cufile,cupti,curand,cusolver,cusparse,nvjitlink,nvrtc,nvtx]==13.0.2; platform_system == "Linux"->torch)
  Using cached nvidia_cufft-12.0.0.61-py3-none-manylinux2014_x86_64.manylinux_2_17_x86_64.whl.metadata (1.8 kB)
Collecting nvidia-cufile==1.15.1.6.* (from cuda-toolkit[cublas,cudart,cufft,cufile,cupti,curand,cusolver,cusparse,nvjitlink,nvrtc,nvtx]==13.0.2; platform_system == "Linux"->torch)
  Using cached nvidia_cufile-1.15.1.6-py3-none-manylinux2014_x86_64.manylinux_2_17_x86_64.whl.metadata (1.7 kB)
Collecting nvidia-cuda-cupti==13.0.85.* (from cuda-toolkit[cublas,cudart,cufft,cufile,cupti,curand,cusolver,cusparse,nvjitlink,nvrtc,nvtx]==13.0.2; platform_system == "Linux"->torch)
  Using cached nvidia_cuda_cupti-13.0.85-py3-none-manylinux_2_25_x86_64.whl.metadata (1.7 kB)
Collecting nvidia-curand==10.4.0.35.* (from cuda-toolkit[cublas,cudart,cufft,cufile,cupti,curand,cusolver,cusparse,nvjitlink,nvrtc,nvtx]==13.0.2; platform_system == "Linux"->torch)
  Using cached nvidia_curand-10.4.0.35-py3-none-manylinux_2_27_x86_64.whl.metadata (1.7 kB)
Collecting nvidia-cusolver==12.0.4.66.* (from cuda-toolkit[cublas,cudart,cufft,cufile,cupti,curand,cusolver,cusparse,nvjitlink,nvrtc,nvtx]==13.0.2; platform_system == "Linux"->torch)
  Using cached nvidia_cusolver-12.0.4.66-py3-none-manylinux_2_27_x86_64.whl.metadata (1.8 kB)
Collecting nvidia-cusparse==12.6.3.3.* (from cuda-toolkit[cublas,cudart,cufft,cufile,cupti,curand,cusolver,cusparse,nvjitlink,nvrtc,nvtx]==13.0.2; platform_system == "Linux"->torch)
  Using cached nvidia_cusparse-12.6.3.3-py3-none-manylinux2014_x86_64.manylinux_2_17_x86_64.whl.metadata (1.8 kB)
Collecting nvidia-nvjitlink==13.0.88.* (from cuda-toolkit[cublas,cudart,cufft,cufile,cupti,curand,cusolver,cusparse,nvjitlink,nvrtc,nvtx]==13.0.2; platform_system == "Linux"->torch)
  Using cached nvidia_nvjitlink-13.0.88-py3-none-manylinux2010_x86_64.manylinux_2_12_x86_64.whl.metadata (1.7 kB)
Collecting nvidia-cuda-nvrtc==13.0.88.* (from cuda-toolkit[cublas,cudart,cufft,cufile,cupti,curand,cusolver,cusparse,nvjitlink,nvrtc,nvtx]==13.0.2; platform_system == "Linux"->torch)
  Using cached nvidia_cuda_nvrtc-13.0.88-py3-none-manylinux2010_x86_64.manylinux_2_12_x86_64.whl.metadata (1.7 kB)
Collecting nvidia-nvtx==13.0.85.* (from cuda-toolkit[cublas,cudart,cufft,cufile,cupti,curand,cusolver,cusparse,nvjitlink,nvrtc,nvtx]==13.0.2; platform_system == "Linux"->torch)
  Using cached nvidia_nvtx-13.0.85-py3-none-manylinux1_x86_64.manylinux_2_5_x86_64.whl.metadata (1.8 kB)
Requirement already satisfied: numpy in ./venv/lib/python3.12/site-packages (from pedalboard) (2.4.4)
Collecting audioread>=2.1.9 (from librosa)
  Downloading audioread-3.1.0-py3-none-any.whl.metadata (9.0 kB)
Collecting numba>=0.51.0 (from librosa)
  Downloading numba-0.65.1-cp312-cp312-manylinux2014_x86_64.manylinux_2_17_x86_64.whl.metadata (2.9 kB)
Collecting scipy>=1.6.0 (from librosa)
  Downloading scipy-1.17.1-cp312-cp312-manylinux_2_27_x86_64.manylinux_2_28_x86_64.whl.metadata (62 kB)
     ━━━━━━━━━━━━━━━━━━━━━━━━━━━━━━━━━━━━━━━━ 62.1/62.1 kB 7.2 MB/s eta 0:00:00
Collecting scikit-learn>=1.1.0 (from librosa)
  Downloading scikit_learn-1.8.0-cp312-cp312-manylinux_2_27_x86_64.manylinux_2_28_x86_64.whl.metadata (11 kB)
Collecting joblib>=1.0 (from librosa)
  Downloading joblib-1.5.3-py3-none-any.whl.metadata (5.5 kB)
Collecting decorator>=4.3.0 (from librosa)
  Downloading decorator-5.2.1-py3-none-any.whl.metadata (3.9 kB)
Collecting pooch>=1.1 (from librosa)
  Downloading pooch-1.9.0-py3-none-any.whl.metadata (10 kB)
Collecting soxr>=0.3.2 (from librosa)
  Downloading soxr-1.1.0-cp312-abi3-manylinux_2_27_x86_64.manylinux_2_28_x86_64.whl.metadata (5.8 kB)
Collecting lazy_loader>=0.1 (from librosa)
  Downloading lazy_loader-0.5-py3-none-any.whl.metadata (5.9 kB)
Collecting msgpack>=1.0 (from librosa)
  Downloading msgpack-1.1.2-cp312-cp312-manylinux2014_x86_64.manylinux_2_17_x86_64.manylinux_2_28_x86_64.whl.metadata (8.1 kB)
Collecting cffi>=1.0 (from soundfile)
  Downloading cffi-2.0.0-cp312-cp312-manylinux2014_x86_64.manylinux_2_17_x86_64.whl.metadata (2.6 kB)
Requirement already satisfied: charset_normalizer<4,>=2 in ./venv/lib/python3.12/site-packages (from requests) (3.4.7)
Requirement already satisfied: idna<4,>=2.5 in ./venv/lib/python3.12/site-packages (from requests) (3.14)
Requirement already satisfied: urllib3<3,>=1.26 in ./venv/lib/python3.12/site-packages (from requests) (2.7.0)
Requirement already satisfied: certifi>=2023.5.7 in ./venv/lib/python3.12/site-packages (from requests) (2026.4.22)
Collecting pycparser (from cffi>=1.0->soundfile)
  Downloading pycparser-3.0-py3-none-any.whl.metadata (8.2 kB)
Collecting cuda-pathfinder~=1.1 (from cuda-bindings<14,>=13.0.3->torch)
  Using cached cuda_pathfinder-1.5.4-py3-none-any.whl.metadata (1.9 kB)
Requirement already satisfied: packaging in ./venv/lib/python3.12/site-packages (from lazy_loader>=0.1->librosa) (26.2)
Collecting llvmlite<0.48,>=0.47.0dev0 (from numba>=0.51.0->librosa)
  Downloading llvmlite-0.47.0-cp312-cp312-manylinux2014_x86_64.manylinux_2_17_x86_64.whl.metadata (5.0 kB)
Collecting platformdirs>=2.5.0 (from pooch>=1.1->librosa)
  Downloading platformdirs-4.9.6-py3-none-any.whl.metadata (4.7 kB)
Collecting threadpoolctl>=3.2.0 (from scikit-learn>=1.1.0->librosa)
  Downloading threadpoolctl-3.6.0-py3-none-any.whl.metadata (13 kB)
Collecting mpmath<1.4,>=1.1.0 (from sympy>=1.13.3->torch)
  Using cached mpmath-1.3.0-py3-none-any.whl.metadata (8.6 kB)
Requirement already satisfied: MarkupSafe>=2.0 in ./venv/lib/python3.12/site-packages (from jinja2->torch) (3.0.3)
Using cached torch-2.11.0-cp312-cp312-manylinux_2_28_x86_64.whl (530.7 MB)
Using cached cuda_toolkit-13.0.2-py2.py3-none-any.whl (2.4 kB)
Using cached nvidia_cudnn_cu13-9.19.0.56-py3-none-manylinux_2_27_x86_64.whl (366.1 MB)
Using cached nvidia_cusparselt_cu13-0.8.0-py3-none-manylinux2014_x86_64.whl (169.9 MB)
Using cached nvidia_nccl_cu13-2.28.9-py3-none-manylinux_2_18_x86_64.whl (196.5 MB)
Using cached nvidia_nvshmem_cu13-3.4.5-py3-none-manylinux2014_x86_64.manylinux_2_17_x86_64.whl (60.4 MB)
Using cached triton-3.6.0-cp312-cp312-manylinux_2_27_x86_64.manylinux_2_28_x86_64.whl (188.3 MB)
Using cached nvidia_cublas-13.1.0.3-py3-none-manylinux_2_27_x86_64.whl (423.1 MB)
Using cached nvidia_cuda_cupti-13.0.85-py3-none-manylinux_2_25_x86_64.whl (10.7 MB)
Using cached nvidia_cuda_nvrtc-13.0.88-py3-none-manylinux2010_x86_64.manylinux_2_12_x86_64.whl (90.2 MB)
Using cached nvidia_cuda_runtime-13.0.96-py3-none-manylinux2014_x86_64.manylinux_2_17_x86_64.whl (2.2 MB)
Using cached nvidia_cufft-12.0.0.61-py3-none-manylinux2014_x86_64.manylinux_2_17_x86_64.whl (214.1 MB)
Using cached nvidia_cufile-1.15.1.6-py3-none-manylinux2014_x86_64.manylinux_2_17_x86_64.whl (1.2 MB)
Using cached nvidia_curand-10.4.0.35-py3-none-manylinux_2_27_x86_64.whl (59.5 MB)
Using cached nvidia_cusolver-12.0.4.66-py3-none-manylinux_2_27_x86_64.whl (200.9 MB)
Using cached nvidia_cusparse-12.6.3.3-py3-none-manylinux2014_x86_64.manylinux_2_17_x86_64.whl (145.9 MB)
Using cached nvidia_nvjitlink-13.0.88-py3-none-manylinux2010_x86_64.manylinux_2_12_x86_64.whl (40.7 MB)
Using cached nvidia_nvtx-13.0.85-py3-none-manylinux1_x86_64.manylinux_2_5_x86_64.whl (148 kB)
Downloading torchaudio-2.11.0-cp312-cp312-manylinux_2_28_x86_64.whl (1.8 MB)
   ━━━━━━━━━━━━━━━━━━━━━━━━━━━━━━━━━━━━━━━━ 1.8/1.8 MB 47.3 MB/s eta 0:00:00
Downloading pedalboard-0.9.22-cp312-cp312-manylinux_2_27_x86_64.manylinux_2_28_x86_64.whl (5.0 MB)
   ━━━━━━━━━━━━━━━━━━━━━━━━━━━━━━━━━━━━━━━━ 5.0/5.0 MB 158.0 MB/s eta 0:00:00
Downloading pydub-0.25.1-py2.py3-none-any.whl (32 kB)
Downloading librosa-0.11.0-py3-none-any.whl (260 kB)
   ━━━━━━━━━━━━━━━━━━━━━━━━━━━━━━━━━━━━━━━━ 260.7/260.7 kB 67.7 MB/s eta 0:00:00
Downloading soundfile-0.13.1-py2.py3-none-manylinux_2_28_x86_64.whl (1.3 MB)
   ━━━━━━━━━━━━━━━━━━━━━━━━━━━━━━━━━━━━━━━━ 1.3/1.3 MB 117.5 MB/s eta 0:00:00
Downloading mutagen-1.47.0-py3-none-any.whl (194 kB)
   ━━━━━━━━━━━━━━━━━━━━━━━━━━━━━━━━━━━━━━━━ 194.4/194.4 kB 47.3 MB/s eta 0:00:00
Downloading python_dotenv-1.2.2-py3-none-any.whl (22 kB)
Downloading python_multipart-0.0.28-py3-none-any.whl (29 kB)
Downloading audioread-3.1.0-py3-none-any.whl (23 kB)
Downloading cffi-2.0.0-cp312-cp312-manylinux2014_x86_64.manylinux_2_17_x86_64.whl (219 kB)
   ━━━━━━━━━━━━━━━━━━━━━━━━━━━━━━━━━━━━━━━━ 219.6/219.6 kB 58.7 MB/s eta 0:00:00
Using cached cuda_bindings-13.2.0-cp312-cp312-manylinux_2_24_x86_64.manylinux_2_28_x86_64.whl (6.3 MB)
Downloading decorator-5.2.1-py3-none-any.whl (9.2 kB)
Using cached fsspec-2026.4.0-py3-none-any.whl (203 kB)
Downloading joblib-1.5.3-py3-none-any.whl (309 kB)
   ━━━━━━━━━━━━━━━━━━━━━━━━━━━━━━━━━━━━━━━━ 309.1/309.1 kB 77.6 MB/s eta 0:00:00
Downloading lazy_loader-0.5-py3-none-any.whl (8.0 kB)
Downloading msgpack-1.1.2-cp312-cp312-manylinux2014_x86_64.manylinux_2_17_x86_64.manylinux_2_28_x86_64.whl (427 kB)
   ━━━━━━━━━━━━━━━━━━━━━━━━━━━━━━━━━━━━━━━━ 427.6/427.6 kB 68.0 MB/s eta 0:00:00
Using cached networkx-3.6.1-py3-none-any.whl (2.1 MB)
Downloading numba-0.65.1-cp312-cp312-manylinux2014_x86_64.manylinux_2_17_x86_64.whl (3.8 MB)
   ━━━━━━━━━━━━━━━━━━━━━━━━━━━━━━━━━━━━━━━━ 3.8/3.8 MB 99.9 MB/s eta 0:00:00
Downloading pooch-1.9.0-py3-none-any.whl (67 kB)
   ━━━━━━━━━━━━━━━━━━━━━━━━━━━━━━━━━━━━━━━━ 67.2/67.2 kB 12.6 MB/s eta 0:00:00
Downloading scikit_learn-1.8.0-cp312-cp312-manylinux_2_27_x86_64.manylinux_2_28_x86_64.whl (8.9 MB)
   ━━━━━━━━━━━━━━━━━━━━━━━━━━━━━━━━━━━━━━━━ 8.9/8.9 MB 113.5 MB/s eta 0:00:00
Downloading scipy-1.17.1-cp312-cp312-manylinux_2_27_x86_64.manylinux_2_28_x86_64.whl (35.2 MB)
   ━━━━━━━━━━━━━━━━━━━━━━━━━━━━━━━━━━━━━━━━ 35.2/35.2 MB 105.2 MB/s eta 0:00:00
Using cached setuptools-81.0.0-py3-none-any.whl (1.1 MB)
Downloading soxr-1.1.0-cp312-abi3-manylinux_2_27_x86_64.manylinux_2_28_x86_64.whl (240 kB)
   ━━━━━━━━━━━━━━━━━━━━━━━━━━━━━━━━━━━━━━━━ 240.4/240.4 kB 74.1 MB/s eta 0:00:00
Using cached sympy-1.14.0-py3-none-any.whl (6.3 MB)
Using cached filelock-3.29.0-py3-none-any.whl (39 kB)
Using cached cuda_pathfinder-1.5.4-py3-none-any.whl (51 kB)
Downloading llvmlite-0.47.0-cp312-cp312-manylinux2014_x86_64.manylinux_2_17_x86_64.whl (56.3 MB)
   ━━━━━━━━━━━━━━━━━━━━━━━━━━━━━━━━━━━━━━━━ 56.3/56.3 MB 60.6 MB/s eta 0:00:00
Using cached mpmath-1.3.0-py3-none-any.whl (536 kB)
Downloading platformdirs-4.9.6-py3-none-any.whl (21 kB)
Downloading threadpoolctl-3.6.0-py3-none-any.whl (18 kB)
Downloading pycparser-3.0-py3-none-any.whl (48 kB)
   ━━━━━━━━━━━━━━━━━━━━━━━━━━━━━━━━━━━━━━━━ 48.2/48.2 kB 17.5 MB/s eta 0:00:00
Installing collected packages: torchaudio, pydub, nvidia-cusparselt-cu13, mpmath, cuda-toolkit, triton, threadpoolctl, sympy, soxr, setuptools, scipy, python-multipart, python-dotenv, pycparser, platformdirs, pedalboard, nvidia-nvtx, nvidia-nvshmem-cu13, nvidia-nvjitlink, nvidia-nccl-cu13, nvidia-curand, nvidia-cufile, nvidia-cuda-runtime, nvidia-cuda-nvrtc, nvidia-cuda-cupti, nvidia-cublas, networkx, mutagen, msgpack, llvmlite, lazy_loader, joblib, fsspec, filelock, decorator, cuda-pathfinder, audioread, scikit-learn, pooch, nvidia-cusparse, nvidia-cufft, nvidia-cudnn-cu13, numba, cuda-bindings, cffi, soundfile, nvidia-cusolver, librosa, torch
  Attempting uninstall: setuptools
    Found existing installation: setuptools 82.0.1
    Uninstalling setuptools-82.0.1:
      Successfully uninstalled setuptools-82.0.1
ERROR: pip's dependency resolver does not currently take into account all the packages that are installed. This behaviour is the source of the following dependency conflicts.
audiocraft 1.3.0 requires av==11.0.0, which is not installed.
audiocraft 1.3.0 requires demucs, which is not installed.
audiocraft 1.3.0 requires einops, which is not installed.
audiocraft 1.3.0 requires encodec, which is not installed.
audiocraft 1.3.0 requires flashy>=0.0.1, which is not installed.
audiocraft 1.3.0 requires gradio, which is not installed.
audiocraft 1.3.0 requires huggingface_hub, which is not installed.
audiocraft 1.3.0 requires hydra_colorlog, which is not installed.
audiocraft 1.3.0 requires hydra-core>=1.1, which is not installed.
audiocraft 1.3.0 requires julius, which is not installed.
audiocraft 1.3.0 requires num2words, which is not installed.
audiocraft 1.3.0 requires protobuf, which is not installed.
audiocraft 1.3.0 requires sentencepiece, which is not installed.
audiocraft 1.3.0 requires torchmetrics, which is not installed.
audiocraft 1.3.0 requires torchtext==0.16.0, which is not installed.
audiocraft 1.3.0 requires torchvision==0.16.0, which is not installed.
audiocraft 1.3.0 requires transformers>=4.31.0, which is not installed.
audiocraft 1.3.0 requires xformers<0.0.23, which is not installed.
audiocraft 1.3.0 requires torch==2.1.0, but you have torch 2.11.0 which is incompatible.
audiocraft 1.3.0 requires torchaudio<2.1.2,>=2.0.0, but you have torchaudio 2.11.0 which is incompatible.
Successfully installed audioread-3.1.0 cffi-2.0.0 cuda-bindings-13.2.0 cuda-pathfinder-1.5.4 cuda-toolkit-13.0.2 decorator-5.2.1 filelock-3.29.0 fsspec-2026.4.0 joblib-1.5.3 lazy_loader-0.5 librosa-0.11.0 llvmlite-0.47.0 mpmath-1.3.0 msgpack-1.1.2 mutagen-1.47.0 networkx-3.6.1 numba-0.65.1 nvidia-cublas-13.1.0.3 nvidia-cuda-cupti-13.0.85 nvidia-cuda-nvrtc-13.0.88 nvidia-cuda-runtime-13.0.96 nvidia-cudnn-cu13-9.19.0.56 nvidia-cufft-12.0.0.61 nvidia-cufile-1.15.1.6 nvidia-curand-10.4.0.35 nvidia-cusolver-12.0.4.66 nvidia-cusparse-12.6.3.3 nvidia-cusparselt-cu13-0.8.0 nvidia-nccl-cu13-2.28.9 nvidia-nvjitlink-13.0.88 nvidia-nvshmem-cu13-3.4.5 nvidia-nvtx-13.0.85 pedalboard-0.9.22 platformdirs-4.9.6 pooch-1.9.0 pycparser-3.0 pydub-0.25.1 python-dotenv-1.2.2 python-multipart-0.0.28 scikit-learn-1.8.0 scipy-1.17.1 setuptools-81.0.0 soundfile-0.13.1 soxr-1.1.0 sympy-1.14.0 threadpoolctl-3.6.0 torch-2.11.0 torchaudio-2.11.0 triton-3.6.0
